<?xml version="1.0" encoding="UTF-8"?>
<!-- Generated by org.testng.reporters.JUnitReportReporter -->
<testsuite hostname="LAPTOP-BODR9R79" failures="0" tests="2" name="TestSuite.TestSuite" time="48.115" errors="0" timestamp="2022-12-05T21:33:28 IST" skipped="0">
  <testcase classname="TestSuite.TestSuite" name="regresionTest" time="26.198"/>
  <testcase classname="TestSuite.TestSuite" name="smokeTest" time="21.917"/>
</testsuite> <!-- TestSuite.TestSuite -->
