<?xml version="1.0" encoding="UTF-8"?>
<!-- Generated by org.testng.reporters.JUnitReportReporter -->
<testsuite hostname="LAPTOP-BODR9R79" failures="0" tests="1" name="TestSuite.RegressionSuite" time="24.092" errors="0" timestamp="2022-12-05T09:23:21 IST" skipped="0">
  <testcase classname="TestSuite.RegressionSuite" name="regresionTest" time="24.092"/>
</testsuite> <!-- TestSuite.RegressionSuite -->
