<?xml version="1.0" encoding="UTF-8"?>
<!-- Generated by org.testng.reporters.JUnitReportReporter -->
<testsuite hostname="LAPTOP-BODR9R79" failures="0" tests="1" name="Base.testingURL" time="9.499" errors="0" timestamp="2022-12-03T19:11:53 IST" skipped="0">
  <testcase classname="Base.testingURL" name="URL" time="9.499"/>
</testsuite> <!-- Base.testingURL -->
